<?xml version="1.0" encoding="UTF-8"?>
<!-- Generated by org.testng.reporters.JUnitReportReporter -->
<testsuite hostname="LAPTOP-9JI0N3F9" failures="0" tests="5" name="day47.LoginTest" time="9.425" errors="0" timestamp="2025-10-27T16:59:49 IST" skipped="0">
  <testcase classname="day47.LoginTest" name="testLogin" time="1.805"/>
  <testcase classname="day47.LoginTest" name="testLogin" time="2.259"/>
  <testcase classname="day47.LoginTest" name="testLogin" time="1.724"/>
  <testcase classname="day47.LoginTest" name="testLogin" time="1.832"/>
  <testcase classname="day47.LoginTest" name="testLogin" time="1.805"/>
</testsuite> <!-- day47.LoginTest -->
