<?xml version="1.0" encoding="UTF-8"?>
<!-- Generated by org.testng.reporters.JUnitReportReporter -->
<testsuite hostname="LAPTOP-9JI0N3F9" failures="0" tests="2" name="day43.AnnotationsDemo1" time="0.033" errors="0" timestamp="2025-10-17T21:28:56 IST" skipped="0">
  <testcase classname="day43.AnnotationsDemo1" name="search" time="0.028"/>
  <testcase classname="day43.AnnotationsDemo1" name="advancesearch" time="0.005"/>
</testsuite> <!-- day43.AnnotationsDemo1 -->
