<?xml version="1.0" encoding="UTF-8"?>
<!-- Generated by org.testng.reporters.JUnitReportReporter -->
<testsuite hostname="LAPTOP-9JI0N3F9" failures="0" tests="1" name="day43.HardVsSoftAssertions" time="0.031" errors="0" timestamp="2025-10-18T19:25:18 IST" skipped="0">
  <testcase classname="day43.HardVsSoftAssertions" name="test_softAssertions" time="0.031"/>
</testsuite> <!-- day43.HardVsSoftAssertions -->
