<?xml version="1.0" encoding="UTF-8"?>
<!-- Generated by org.testng.reporters.JUnitReportReporter -->
<testsuite hostname="LAPTOP-9JI0N3F9" failures="0" tests="3" name="day44.LoginTests" time="0.019" errors="0" timestamp="2025-10-20T17:49:30 IST" skipped="0">
  <testcase classname="day44.LoginTests" name="loginByEmail" time="0.014"/>
  <testcase classname="day44.LoginTests" name="loginByFacebook" time="0.002"/>
  <testcase classname="day44.LoginTests" name="loginByTwitter" time="0.003"/>
</testsuite> <!-- day44.LoginTests -->
