<?xml version="1.0" encoding="UTF-8"?>
<!-- Generated by org.testng.reporters.JUnitReportReporter -->
<testsuite hostname="LAPTOP-9JI0N3F9" failures="0" tests="9" name="day45.ParamTest" time="0.384" errors="0" timestamp="2025-10-21T13:01:55 IST" skipped="0">
  <testcase classname="day45.ParamTest" name="testLogo" time="0.069"/>
  <testcase classname="day45.ParamTest" name="testLogo" time="0.140"/>
  <testcase classname="day45.ParamTest" name="testLogo" time="0.064"/>
  <testcase classname="day45.ParamTest" name="testTitle" time="0.019"/>
  <testcase classname="day45.ParamTest" name="testTitle" time="0.031"/>
  <testcase classname="day45.ParamTest" name="testTitle" time="0.016"/>
  <testcase classname="day45.ParamTest" name="testURL" time="0.005"/>
  <testcase classname="day45.ParamTest" name="testURL" time="0.021"/>
  <testcase classname="day45.ParamTest" name="testURL" time="0.019"/>
</testsuite> <!-- day45.ParamTest -->
