<?xml version="1.0" encoding="UTF-8"?>
<!-- Generated by org.testng.reporters.JUnitReportReporter -->
<testsuite hostname="LAPTOP-9JI0N3F9" failures="0" tests="1" name="day43.pack.C2" time="0.003" errors="0" timestamp="2025-10-18T12:46:23 IST" skipped="0">
  <testcase classname="day43.pack.C2" name="xyz" time="0.003"/>
</testsuite> <!-- day43.pack.C2 -->
