<?xml version="1.0" encoding="UTF-8"?>
<!-- Generated by org.testng.reporters.JUnitReportReporter -->
<testsuite hostname="LAPTOP-9JI0N3F9" failures="0" tests="3" name="day44.SignUpTest" time="0.026" errors="0" timestamp="2025-10-20T17:27:27 IST" skipped="0">
  <testcase classname="day44.SignUpTest" name="signupByEmail" time="0.018"/>
  <testcase classname="day44.SignUpTest" name="signupByFacebook" time="0.004"/>
  <testcase classname="day44.SignUpTest" name="signupByTwitter" time="0.004"/>
</testsuite> <!-- day44.SignUpTest -->
