<?xml version="1.0" encoding="UTF-8"?>
<!-- Generated by org.testng.reporters.JUnitReportReporter -->
<testsuite hostname="LAPTOP-9JI0N3F9" failures="0" tests="3" name="day42.FirstTestCase" time="0.023" errors="0" timestamp="2025-10-17T17:11:28 IST" skipped="0">
  <testcase classname="day42.FirstTestCase" name="login" time="0.020"/>
  <testcase classname="day42.FirstTestCase" name="logout" time="0.001"/>
  <testcase classname="day42.FirstTestCase" name="openapp" time="0.002"/>
</testsuite> <!-- day42.FirstTestCase -->
