<?xml version="1.0" encoding="UTF-8"?>
<!-- Generated by org.testng.reporters.JUnitReportReporter -->
<testsuite hostname="LAPTOP-9JI0N3F9" failures="0" tests="2" name="day43.AnnotationsDemo2" time="0.012" errors="0" timestamp="2025-10-17T23:50:40 IST" skipped="0">
  <testcase classname="day43.AnnotationsDemo2" name="search" time="0.010"/>
  <testcase classname="day43.AnnotationsDemo2" name="advancesearch" time="0.002"/>
</testsuite> <!-- day43.AnnotationsDemo2 -->
