<?xml version="1.0" encoding="UTF-8"?>
<!-- Generated by org.testng.reporters.JUnitReportReporter -->
<testsuite hostname="LAPTOP-9JI0N3F9" failures="0" tests="3" name="day44.SignupTests" time="0.017" errors="0" timestamp="2025-10-20T17:49:54 IST" skipped="0">
  <testcase classname="day44.SignupTests" name="signupByEmail" time="0.013"/>
  <testcase classname="day44.SignupTests" name="signupByFacebook" time="0.002"/>
  <testcase classname="day44.SignupTests" name="signupByTwitter" time="0.002"/>
</testsuite> <!-- day44.SignupTests -->
