<?xml version="1.0" encoding="UTF-8"?>
<!-- Generated by org.testng.reporters.JUnitReportReporter -->
<testsuite hostname="LAPTOP-9JI0N3F9" failures="0" tests="1" name="day47.LoginClass" time="0.755" errors="0" timestamp="2025-10-27T12:06:32 IST" skipped="0">
  <testcase classname="day47.LoginClass" name="testLogin" time="0.755"/>
</testsuite> <!-- day47.LoginClass -->
