<?xml version="1.0" encoding="UTF-8"?>
<!-- Generated by org.testng.reporters.JUnitReportReporter -->
<testsuite hostname="LAPTOP-9JI0N3F9" failures="0" tests="3" name="day42.Testng" time="0.003" errors="0" timestamp="2025-10-28T11:39:45 IST" skipped="0">
  <testcase classname="day42.Testng" name="openapp" time="0.002"/>
  <testcase classname="day42.Testng" name="login" time="0.000"/>
  <testcase classname="day42.Testng" name="logout" time="0.001"/>
</testsuite> <!-- day42.Testng -->
