<?xml version="1.0" encoding="UTF-8"?>
<!-- Generated by org.testng.reporters.JUnitReportReporter -->
<testsuite hostname="LAPTOP-9JI0N3F9" failures="0" tests="3" name="day44.LoginTests" time="0.001" errors="0" timestamp="2025-10-28T11:39:45 IST" skipped="0">
  <testcase classname="day44.LoginTests" name="loginByEmail" time="0.000"/>
  <testcase classname="day44.LoginTests" name="loginByFacebook" time="0.000"/>
  <testcase classname="day44.LoginTests" name="loginByTwitter" time="0.001"/>
</testsuite> <!-- day44.LoginTests -->
