<?xml version="1.0" encoding="UTF-8"?>
<!-- Generated by org.testng.reporters.JUnitReportReporter -->
<testsuite hostname="LAPTOP-9JI0N3F9" failures="0" tests="2" name="day44.PaymentsTests" time="0.002" errors="0" timestamp="2025-10-28T11:39:45 IST" skipped="0">
  <testcase classname="day44.PaymentsTests" name="paymentInRuppees" time="0.001"/>
  <testcase classname="day44.PaymentsTests" name="paymentInDollars" time="0.001"/>
</testsuite> <!-- day44.PaymentsTests -->
