<?xml version="1.0" encoding="UTF-8"?>
<!-- Generated by org.testng.reporters.JUnitReportReporter -->
<testsuite hostname="LAPTOP-9JI0N3F9" failures="0" tests="4" name="day42.OrangeHrmTest" time="22.736" errors="0" timestamp="2025-10-28T11:39:45 IST" skipped="0">
  <testcase classname="day42.OrangeHrmTest" name="openapp" time="14.886"/>
  <testcase classname="day42.OrangeHrmTest" name="testLogo" time="7.320"/>
  <testcase classname="day42.OrangeHrmTest" name="testLogin" time="0.196"/>
  <testcase classname="day42.OrangeHrmTest" name="testLogout" time="0.334"/>
</testsuite> <!-- day42.OrangeHrmTest -->
