<?xml version="1.0" encoding="UTF-8"?>
<!-- Generated by org.testng.reporters.JUnitReportReporter -->
<testsuite hostname="LAPTOP-9JI0N3F9" failures="0" tests="5" name="day47.LoginTest" time="8.229" errors="0" timestamp="2025-10-28T11:39:45 IST" skipped="0">
  <testcase classname="day47.LoginTest" name="testLogin" time="1.575"/>
  <testcase classname="day47.LoginTest" name="testLogin" time="1.524"/>
  <testcase classname="day47.LoginTest" name="testLogin" time="1.582"/>
  <testcase classname="day47.LoginTest" name="testLogin" time="1.533"/>
  <testcase classname="day47.LoginTest" name="testLogin" time="2.015"/>
</testsuite> <!-- day47.LoginTest -->
